This file contains any messages produced by compilers while
running configure, to aid debugging if configure makes a mistake.

It was created by sumo configure 0.19.0, which was
generated by GNU Autoconf 2.68.  Invocation command line was

  $ ./configure 

## --------- ##
## Platform. ##
## --------- ##

hostname = WILM-1
uname -m = x86_64
uname -r = 3.16.0-30-generic
uname -s = Linux
uname -v = #40~14.04.1-Ubuntu SMP Thu Jan 15 17:43:14 UTC 2015

/usr/bin/uname -p = unknown
/bin/uname -X     = unknown

/bin/arch              = unknown
/usr/bin/arch -k       = unknown
/usr/convex/getsysinfo = unknown
/usr/bin/hostinfo      = unknown
/bin/machine           = unknown
/usr/bin/oslevel       = unknown
/bin/universe          = unknown

PATH: /home/administrator/ITS/omnetpp-4.4.1/bin
PATH: /usr/local/sbin
PATH: /usr/local/bin
PATH: /usr/sbin
PATH: /usr/bin
PATH: /sbin
PATH: /bin
PATH: /usr/games
PATH: /usr/local/games
PATH: /home/administrator/ITS/omnetpp-4.4/bin


## ----------- ##
## Core tests. ##
## ----------- ##

configure:2491: checking build system type
configure:2505: result: x86_64-unknown-linux-gnu
configure:2525: checking host system type
configure:2538: result: x86_64-unknown-linux-gnu
configure:2558: checking target system type
configure:2571: result: x86_64-unknown-linux-gnu
configure:2618: checking for a BSD-compatible install
configure:2686: result: /usr/bin/install -c
configure:2697: checking whether build environment is sane
configure:2747: result: yes
configure:2888: checking for a thread-safe mkdir -p
configure:2927: result: /bin/mkdir -p
configure:2940: checking for gawk
configure:2970: result: no
configure:2940: checking for mawk
configure:2956: found /usr/bin/mawk
configure:2967: result: mawk
configure:2978: checking whether make sets $(MAKE)
configure:3000: result: yes
configure:3075: checking how to create a ustar tar archive
configure:3088: tar --version
tar (GNU tar) 1.27.1
Copyright (C) 2013 Free Software Foundation, Inc.
License GPLv3+: GNU GPL version 3 or later <http://gnu.org/licenses/gpl.html>.
This is free software: you are free to change and redistribute it.
There is NO WARRANTY, to the extent permitted by law.

Written by John Gilmore and Jay Fenlason.
configure:3091: $? = 0
configure:3131: tardir=conftest.dir && eval tar --format=ustar -chf - "$tardir" >conftest.tar
configure:3134: $? = 0
configure:3138: tar -xf - <conftest.tar
configure:3141: $? = 0
configure:3154: result: gnutar
configure:3241: checking for gcc
configure:3257: found /usr/bin/gcc
configure:3268: result: gcc
configure:3497: checking for C compiler version
configure:3506: gcc --version >&5
gcc (Ubuntu 4.8.4-2ubuntu1~14.04) 4.8.4
Copyright (C) 2013 Free Software Foundation, Inc.
This is free software; see the source for copying conditions.  There is NO
warranty; not even for MERCHANTABILITY or FITNESS FOR A PARTICULAR PURPOSE.

configure:3517: $? = 0
configure:3506: gcc -v >&5
Using built-in specs.
COLLECT_GCC=gcc
COLLECT_LTO_WRAPPER=/usr/lib/gcc/x86_64-linux-gnu/4.8/lto-wrapper
Target: x86_64-linux-gnu
Configured with: ../src/configure -v --with-pkgversion='Ubuntu 4.8.4-2ubuntu1~14.04' --with-bugurl=file:///usr/share/doc/gcc-4.8/README.Bugs --enable-languages=c,c++,java,go,d,fortran,objc,obj-c++ --prefix=/usr --program-suffix=-4.8 --enable-shared --enable-linker-build-id --libexecdir=/usr/lib --without-included-gettext --enable-threads=posix --with-gxx-include-dir=/usr/include/c++/4.8 --libdir=/usr/lib --enable-nls --with-sysroot=/ --enable-clocale=gnu --enable-libstdcxx-debug --enable-libstdcxx-time=yes --enable-gnu-unique-object --disable-libmudflap --enable-plugin --with-system-zlib --disable-browser-plugin --enable-java-awt=gtk --enable-gtk-cairo --with-java-home=/usr/lib/jvm/java-1.5.0-gcj-4.8-amd64/jre --enable-java-home --with-jvm-root-dir=/usr/lib/jvm/java-1.5.0-gcj-4.8-amd64 --with-jvm-jar-dir=/usr/lib/jvm-exports/java-1.5.0-gcj-4.8-amd64 --with-arch-directory=amd64 --with-ecj-jar=/usr/share/java/eclipse-ecj.jar --enable-objc-gc --enable-multiarch --disable-werror --with-arch-32=i686 --with-abi=m64 --with-multilib-list=m32,m64,mx32 --with-tune=generic --enable-checking=release --build=x86_64-linux-gnu --host=x86_64-linux-gnu --target=x86_64-linux-gnu
Thread model: posix
gcc version 4.8.4 (Ubuntu 4.8.4-2ubuntu1~14.04) 
configure:3517: $? = 0
configure:3506: gcc -V >&5
gcc: error: unrecognized command line option '-V'
gcc: fatal error: no input files
compilation terminated.
configure:3517: $? = 4
configure:3506: gcc -qversion >&5
gcc: error: unrecognized command line option '-qversion'
gcc: fatal error: no input files
compilation terminated.
configure:3517: $? = 4
configure:3537: checking whether the C compiler works
configure:3559: gcc    conftest.c  >&5
configure:3563: $? = 0
configure:3611: result: yes
configure:3614: checking for C compiler default output file name
configure:3616: result: a.out
configure:3622: checking for suffix of executables
configure:3629: gcc -o conftest    conftest.c  >&5
configure:3633: $? = 0
configure:3655: result: 
configure:3677: checking whether we are cross compiling
configure:3685: gcc -o conftest    conftest.c  >&5
configure:3689: $? = 0
configure:3696: ./conftest
configure:3700: $? = 0
configure:3715: result: no
configure:3720: checking for suffix of object files
configure:3742: gcc -c   conftest.c >&5
configure:3746: $? = 0
configure:3767: result: o
configure:3771: checking whether we are using the GNU C compiler
configure:3790: gcc -c   conftest.c >&5
configure:3790: $? = 0
configure:3799: result: yes
configure:3808: checking whether gcc accepts -g
configure:3828: gcc -c -g  conftest.c >&5
configure:3828: $? = 0
configure:3869: result: yes
configure:3886: checking for gcc option to accept ISO C89
configure:3950: gcc  -c -g -O2  conftest.c >&5
configure:3950: $? = 0
configure:3963: result: none needed
configure:3994: checking for style of include used by make
configure:4022: result: GNU
configure:4047: checking dependency style of gcc
configure:4157: result: gcc3
configure:4177: checking how to run the C preprocessor
configure:4208: gcc -E  conftest.c
configure:4208: $? = 0
configure:4222: gcc -E  conftest.c
conftest.c:11:28: fatal error: ac_nonexistent.h: No such file or directory
 #include <ac_nonexistent.h>
                            ^
compilation terminated.
configure:4222: $? = 1
configure: failed program was:
| /* confdefs.h */
| #define PACKAGE_NAME "sumo"
| #define PACKAGE_TARNAME "sumo"
| #define PACKAGE_VERSION "0.19.0"
| #define PACKAGE_STRING "sumo 0.19.0"
| #define PACKAGE_BUGREPORT ""
| #define PACKAGE_URL ""
| #define PACKAGE "sumo"
| #define VERSION "0.19.0"
| /* end confdefs.h.  */
| #include <ac_nonexistent.h>
configure:4247: result: gcc -E
configure:4267: gcc -E  conftest.c
configure:4267: $? = 0
configure:4281: gcc -E  conftest.c
conftest.c:11:28: fatal error: ac_nonexistent.h: No such file or directory
 #include <ac_nonexistent.h>
                            ^
compilation terminated.
configure:4281: $? = 1
configure: failed program was:
| /* confdefs.h */
| #define PACKAGE_NAME "sumo"
| #define PACKAGE_TARNAME "sumo"
| #define PACKAGE_VERSION "0.19.0"
| #define PACKAGE_STRING "sumo 0.19.0"
| #define PACKAGE_BUGREPORT ""
| #define PACKAGE_URL ""
| #define PACKAGE "sumo"
| #define VERSION "0.19.0"
| /* end confdefs.h.  */
| #include <ac_nonexistent.h>
configure:4367: checking for g++
configure:4383: found /usr/bin/g++
configure:4394: result: g++
configure:4421: checking for C++ compiler version
configure:4430: g++ --version >&5
g++ (Ubuntu 4.8.4-2ubuntu1~14.04) 4.8.4
Copyright (C) 2013 Free Software Foundation, Inc.
This is free software; see the source for copying conditions.  There is NO
warranty; not even for MERCHANTABILITY or FITNESS FOR A PARTICULAR PURPOSE.

configure:4441: $? = 0
configure:4430: g++ -v >&5
Using built-in specs.
COLLECT_GCC=g++
COLLECT_LTO_WRAPPER=/usr/lib/gcc/x86_64-linux-gnu/4.8/lto-wrapper
Target: x86_64-linux-gnu
Configured with: ../src/configure -v --with-pkgversion='Ubuntu 4.8.4-2ubuntu1~14.04' --with-bugurl=file:///usr/share/doc/gcc-4.8/README.Bugs --enable-languages=c,c++,java,go,d,fortran,objc,obj-c++ --prefix=/usr --program-suffix=-4.8 --enable-shared --enable-linker-build-id --libexecdir=/usr/lib --without-included-gettext --enable-threads=posix --with-gxx-include-dir=/usr/include/c++/4.8 --libdir=/usr/lib --enable-nls --with-sysroot=/ --enable-clocale=gnu --enable-libstdcxx-debug --enable-libstdcxx-time=yes --enable-gnu-unique-object --disable-libmudflap --enable-plugin --with-system-zlib --disable-browser-plugin --enable-java-awt=gtk --enable-gtk-cairo --with-java-home=/usr/lib/jvm/java-1.5.0-gcj-4.8-amd64/jre --enable-java-home --with-jvm-root-dir=/usr/lib/jvm/java-1.5.0-gcj-4.8-amd64 --with-jvm-jar-dir=/usr/lib/jvm-exports/java-1.5.0-gcj-4.8-amd64 --with-arch-directory=amd64 --with-ecj-jar=/usr/share/java/eclipse-ecj.jar --enable-objc-gc --enable-multiarch --disable-werror --with-arch-32=i686 --with-abi=m64 --with-multilib-list=m32,m64,mx32 --with-tune=generic --enable-checking=release --build=x86_64-linux-gnu --host=x86_64-linux-gnu --target=x86_64-linux-gnu
Thread model: posix
gcc version 4.8.4 (Ubuntu 4.8.4-2ubuntu1~14.04) 
configure:4441: $? = 0
configure:4430: g++ -V >&5
g++: error: unrecognized command line option '-V'
g++: fatal error: no input files
compilation terminated.
configure:4441: $? = 4
configure:4430: g++ -qversion >&5
g++: error: unrecognized command line option '-qversion'
g++: fatal error: no input files
compilation terminated.
configure:4441: $? = 4
configure:4445: checking whether we are using the GNU C++ compiler
configure:4464: g++ -c -O2 -DNDEBUG   conftest.cpp >&5
configure:4464: $? = 0
configure:4473: result: yes
configure:4482: checking whether g++ accepts -g
configure:4502: g++ -c -g  conftest.cpp >&5
configure:4502: $? = 0
configure:4543: result: yes
configure:4568: checking dependency style of g++
configure:4678: result: gcc3
configure:4694: checking whether ln -s works
configure:4698: result: yes
configure:4705: checking whether make sets $(MAKE)
configure:4727: result: yes
configure:4780: checking for ranlib
configure:4796: found /usr/bin/ranlib
configure:4807: result: ranlib
configure:4875: checking how to print strings
configure:4902: result: printf
configure:4923: checking for a sed that does not truncate output
configure:4987: result: /bin/sed
configure:5005: checking for grep that handles long lines and -e
configure:5063: result: /bin/grep
configure:5068: checking for egrep
configure:5130: result: /bin/grep -E
configure:5135: checking for fgrep
configure:5197: result: /bin/grep -F
configure:5232: checking for ld used by gcc
configure:5299: result: /usr/bin/ld
configure:5306: checking if the linker (/usr/bin/ld) is GNU ld
configure:5321: result: yes
configure:5333: checking for BSD- or MS-compatible name lister (nm)
configure:5382: result: /usr/bin/nm -B
configure:5512: checking the name lister (/usr/bin/nm -B) interface
configure:5519: gcc -c -g -O2  conftest.c >&5
configure:5522: /usr/bin/nm -B "conftest.o"
configure:5525: output
0000000000000000 B some_variable
configure:5532: result: BSD nm
configure:5536: checking the maximum length of command line arguments
configure:5661: result: 1572864
configure:5678: checking whether the shell understands some XSI constructs
configure:5688: result: yes
configure:5692: checking whether the shell understands "+="
configure:5698: result: yes
configure:5733: checking how to convert x86_64-unknown-linux-gnu file names to x86_64-unknown-linux-gnu format
configure:5773: result: func_convert_file_noop
configure:5780: checking how to convert x86_64-unknown-linux-gnu file names to toolchain format
configure:5800: result: func_convert_file_noop
configure:5807: checking for /usr/bin/ld option to reload object files
configure:5814: result: -r
configure:5888: checking for objdump
configure:5904: found /usr/bin/objdump
configure:5915: result: objdump
configure:5947: checking how to recognize dependent libraries
configure:6149: result: pass_all
configure:6234: checking for dlltool
configure:6264: result: no
configure:6294: checking how to associate runtime and link libraries
configure:6321: result: printf %s\n
configure:6382: checking for ar
configure:6398: found /usr/bin/ar
configure:6409: result: ar
configure:6446: checking for archiver @FILE support
configure:6463: gcc -c -g -O2  conftest.c >&5
configure:6463: $? = 0
configure:6466: ar cru libconftest.a @conftest.lst >&5
configure:6469: $? = 0
configure:6474: ar cru libconftest.a @conftest.lst >&5
ar: conftest.o: No such file or directory
configure:6477: $? = 1
configure:6489: result: @
configure:6547: checking for strip
configure:6563: found /usr/bin/strip
configure:6574: result: strip
configure:6646: checking for ranlib
configure:6673: result: ranlib
configure:6775: checking command to parse /usr/bin/nm -B output from gcc object
configure:6894: gcc -c -g -O2  conftest.c >&5
configure:6897: $? = 0
configure:6901: /usr/bin/nm -B conftest.o \| sed -n -e 's/^.*[ ]\([ABCDGIRSTW][ABCDGIRSTW]*\)[ ][ ]*\([_A-Za-z][_A-Za-z0-9]*\)$/\1 \2 \2/p' | sed '/ __gnu_lto/d' \> conftest.nm
configure:6904: $? = 0
configure:6970: gcc -o conftest -g -O2   conftest.c conftstm.o >&5
configure:6973: $? = 0
configure:7011: result: ok
configure:7048: checking for sysroot
configure:7078: result: no
configure:7155: gcc -c -g -O2  conftest.c >&5
configure:7158: $? = 0
configure:7321: checking for mt
configure:7337: found /bin/mt
configure:7348: result: mt
configure:7371: checking if mt is a manifest tool
configure:7377: mt '-?'
configure:7385: result: no
configure:8013: checking for ANSI C header files
configure:8033: gcc -c -g -O2  conftest.c >&5
configure:8033: $? = 0
configure:8106: gcc -o conftest -g -O2   conftest.c  >&5
configure:8106: $? = 0
configure:8106: ./conftest
configure:8106: $? = 0
configure:8117: result: yes
configure:8130: checking for sys/types.h
configure:8130: gcc -c -g -O2  conftest.c >&5
configure:8130: $? = 0
configure:8130: result: yes
configure:8130: checking for sys/stat.h
configure:8130: gcc -c -g -O2  conftest.c >&5
configure:8130: $? = 0
configure:8130: result: yes
configure:8130: checking for stdlib.h
configure:8130: gcc -c -g -O2  conftest.c >&5
configure:8130: $? = 0
configure:8130: result: yes
configure:8130: checking for string.h
configure:8130: gcc -c -g -O2  conftest.c >&5
configure:8130: $? = 0
configure:8130: result: yes
configure:8130: checking for memory.h
configure:8130: gcc -c -g -O2  conftest.c >&5
configure:8130: $? = 0
configure:8130: result: yes
configure:8130: checking for strings.h
configure:8130: gcc -c -g -O2  conftest.c >&5
configure:8130: $? = 0
configure:8130: result: yes
configure:8130: checking for inttypes.h
configure:8130: gcc -c -g -O2  conftest.c >&5
configure:8130: $? = 0
configure:8130: result: yes
configure:8130: checking for stdint.h
configure:8130: gcc -c -g -O2  conftest.c >&5
configure:8130: $? = 0
configure:8130: result: yes
configure:8130: checking for unistd.h
configure:8130: gcc -c -g -O2  conftest.c >&5
configure:8130: $? = 0
configure:8130: result: yes
configure:8144: checking for dlfcn.h
configure:8144: gcc -c -g -O2  conftest.c >&5
configure:8144: $? = 0
configure:8144: result: yes
configure:8342: checking for objdir
configure:8357: result: .libs
configure:8624: checking if gcc supports -fno-rtti -fno-exceptions
configure:8642: gcc -c -g -O2  -fno-rtti -fno-exceptions conftest.c >&5
cc1: warning: command line option '-fno-rtti' is valid for C++/ObjC++ but not for C [enabled by default]
configure:8646: $? = 0
configure:8659: result: no
configure:8969: checking for gcc option to produce PIC
configure:8976: result: -fPIC -DPIC
configure:8984: checking if gcc PIC flag -fPIC -DPIC works
configure:9002: gcc -c -g -O2  -fPIC -DPIC -DPIC conftest.c >&5
configure:9006: $? = 0
configure:9019: result: yes
configure:9048: checking if gcc static flag -static works
configure:9076: result: yes
configure:9091: checking if gcc supports -c -o file.o
configure:9112: gcc -c -g -O2  -o out/conftest2.o conftest.c >&5
configure:9116: $? = 0
configure:9138: result: yes
configure:9146: checking if gcc supports -c -o file.o
configure:9193: result: yes
configure:9226: checking whether the gcc linker (/usr/bin/ld -m elf_x86_64) supports shared libraries
configure:10384: result: yes
configure:10421: checking whether -lc should be explicitly linked in
configure:10429: gcc -c -g -O2  conftest.c >&5
configure:10432: $? = 0
configure:10447: gcc -shared  -fPIC -DPIC conftest.o  -v -Wl,-soname -Wl,conftest -o conftest 2\>\&1 \| /bin/grep  -lc  \>/dev/null 2\>\&1
configure:10450: $? = 0
configure:10464: result: no
configure:10629: checking dynamic linker characteristics
configure:11143: gcc -o conftest -g -O2   -Wl,-rpath -Wl,/foo conftest.c  >&5
configure:11143: $? = 0
configure:11365: result: GNU/Linux ld.so
configure:11472: checking how to hardcode library paths into programs
configure:11497: result: immediate
configure:12037: checking whether stripping libraries is possible
configure:12042: result: yes
configure:12077: checking if libtool supports shared libraries
configure:12079: result: yes
configure:12082: checking whether to build shared libraries
configure:12103: result: yes
configure:12106: checking whether to build static libraries
configure:12110: result: yes
configure:12133: checking how to run the C++ preprocessor
configure:12160: g++ -E  conftest.cpp
configure:12160: $? = 0
configure:12174: g++ -E  conftest.cpp
conftest.cpp:23:28: fatal error: ac_nonexistent.h: No such file or directory
 #include <ac_nonexistent.h>
                            ^
compilation terminated.
configure:12174: $? = 1
configure: failed program was:
| /* confdefs.h */
| #define PACKAGE_NAME "sumo"
| #define PACKAGE_TARNAME "sumo"
| #define PACKAGE_VERSION "0.19.0"
| #define PACKAGE_STRING "sumo 0.19.0"
| #define PACKAGE_BUGREPORT ""
| #define PACKAGE_URL ""
| #define PACKAGE "sumo"
| #define VERSION "0.19.0"
| #define STDC_HEADERS 1
| #define HAVE_SYS_TYPES_H 1
| #define HAVE_SYS_STAT_H 1
| #define HAVE_STDLIB_H 1
| #define HAVE_STRING_H 1
| #define HAVE_MEMORY_H 1
| #define HAVE_STRINGS_H 1
| #define HAVE_INTTYPES_H 1
| #define HAVE_STDINT_H 1
| #define HAVE_UNISTD_H 1
| #define HAVE_DLFCN_H 1
| #define LT_OBJDIR ".libs/"
| /* end confdefs.h.  */
| #include <ac_nonexistent.h>
configure:12199: result: g++ -E
configure:12219: g++ -E  conftest.cpp
configure:12219: $? = 0
configure:12233: g++ -E  conftest.cpp
conftest.cpp:23:28: fatal error: ac_nonexistent.h: No such file or directory
 #include <ac_nonexistent.h>
                            ^
compilation terminated.
configure:12233: $? = 1
configure: failed program was:
| /* confdefs.h */
| #define PACKAGE_NAME "sumo"
| #define PACKAGE_TARNAME "sumo"
| #define PACKAGE_VERSION "0.19.0"
| #define PACKAGE_STRING "sumo 0.19.0"
| #define PACKAGE_BUGREPORT ""
| #define PACKAGE_URL ""
| #define PACKAGE "sumo"
| #define VERSION "0.19.0"
| #define STDC_HEADERS 1
| #define HAVE_SYS_TYPES_H 1
| #define HAVE_SYS_STAT_H 1
| #define HAVE_STDLIB_H 1
| #define HAVE_STRING_H 1
| #define HAVE_MEMORY_H 1
| #define HAVE_STRINGS_H 1
| #define HAVE_INTTYPES_H 1
| #define HAVE_STDINT_H 1
| #define HAVE_UNISTD_H 1
| #define HAVE_DLFCN_H 1
| #define LT_OBJDIR ".libs/"
| /* end confdefs.h.  */
| #include <ac_nonexistent.h>
configure:12403: checking for ld used by g++
configure:12470: result: /usr/bin/ld -m elf_x86_64
configure:12477: checking if the linker (/usr/bin/ld -m elf_x86_64) is GNU ld
configure:12492: result: yes
configure:12547: checking whether the g++ linker (/usr/bin/ld -m elf_x86_64) supports shared libraries
configure:13551: result: yes
configure:13586: g++ -c -O2 -DNDEBUG   conftest.cpp >&5
configure:13589: $? = 0
configure:14109: checking for g++ option to produce PIC
configure:14116: result: -fPIC -DPIC
configure:14124: checking if g++ PIC flag -fPIC -DPIC works
configure:14142: g++ -c -O2 -DNDEBUG   -fPIC -DPIC -DPIC conftest.cpp >&5
configure:14146: $? = 0
configure:14159: result: yes
configure:14182: checking if g++ static flag -static works
configure:14210: result: yes
configure:14222: checking if g++ supports -c -o file.o
configure:14243: g++ -c -O2 -DNDEBUG   -o out/conftest2.o conftest.cpp >&5
configure:14247: $? = 0
configure:14269: result: yes
configure:14274: checking if g++ supports -c -o file.o
configure:14321: result: yes
configure:14351: checking whether the g++ linker (/usr/bin/ld -m elf_x86_64) supports shared libraries
configure:14385: result: yes
configure:14528: checking dynamic linker characteristics
configure:15198: result: GNU/Linux ld.so
configure:15251: checking how to hardcode library paths into programs
configure:15276: result: immediate
configure:15476: checking for pkg-config
configure:15494: found /usr/bin/pkg-config
configure:15506: result: /usr/bin/pkg-config
configure:15531: checking pkg-config is at least version 0.9.0
configure:15534: result: yes
configure:15544: checking for XERCES
configure:15551: $PKG_CONFIG --exists --print-errors "xerces-c >= 3.0"
configure:15554: $? = 0
configure:15567: $PKG_CONFIG --exists --print-errors "xerces-c >= 3.0"
configure:15570: $? = 0
configure:15611: result: yes
configure:15713: checking for main in -lxerces-c
configure:15732: gcc -o conftest -g -O2   conftest.c -lxerces-c   >&5
configure:15732: $? = 0
configure:15742: result: yes
configure:15807: checking xercesc/util/XercesVersion.hpp usability
configure:15807: gcc -c -g -O2  -I/usr/local/include -I/usr/include conftest.c >&5
configure:15807: $? = 0
configure:15807: result: yes
configure:15807: checking xercesc/util/XercesVersion.hpp presence
configure:15807: gcc -E  -I/usr/local/include -I/usr/include conftest.c
configure:15807: $? = 0
configure:15807: result: yes
configure:15807: checking for xercesc/util/XercesVersion.hpp
configure:15807: result: yes
configure:15859: checking for main in -lproj
configure:15878: gcc -o conftest -g -O2   conftest.c -lproj   >&5
configure:15878: $? = 0
configure:15887: result: yes
configure:15947: checking proj_api.h usability
configure:15947: gcc -c -g -O2  conftest.c >&5
configure:15947: $? = 0
configure:15947: result: yes
configure:15947: checking proj_api.h presence
configure:15947: gcc -E  conftest.c
configure:15947: $? = 0
configure:15947: result: yes
configure:15947: checking for proj_api.h
configure:15947: result: yes
configure:15993: checking for gdal-config
configure:16011: found /usr/bin/gdal-config
configure:16023: result: /usr/bin/gdal-config
configure:16054: checking ogr_api.h usability
configure:16054: gcc -c -g -O2 -I/usr/include/gdal conftest.c >&5
In file included from /usr/include/gdal/cpl_port.h:80:0,
                 from /usr/include/gdal/cpl_progress.h:33,
                 from /usr/include/gdal/ogr_api.h:42,
                 from conftest.c:68:
/usr/include/gdal/cpl_config.h:201:0: warning: "PACKAGE_NAME" redefined [enabled by default]
 #define PACKAGE_NAME ""
 ^
conftest.c:2:0: note: this is the location of the previous definition
 #define PACKAGE_NAME "sumo"
 ^
In file included from /usr/include/gdal/cpl_port.h:80:0,
                 from /usr/include/gdal/cpl_progress.h:33,
                 from /usr/include/gdal/ogr_api.h:42,
                 from conftest.c:68:
/usr/include/gdal/cpl_config.h:204:0: warning: "PACKAGE_STRING" redefined [enabled by default]
 #define PACKAGE_STRING ""
 ^
conftest.c:5:0: note: this is the location of the previous definition
 #define PACKAGE_STRING "sumo 0.19.0"
 ^
In file included from /usr/include/gdal/cpl_port.h:80:0,
                 from /usr/include/gdal/cpl_progress.h:33,
                 from /usr/include/gdal/ogr_api.h:42,
                 from conftest.c:68:
/usr/include/gdal/cpl_config.h:207:0: warning: "PACKAGE_TARNAME" redefined [enabled by default]
 #define PACKAGE_TARNAME ""
 ^
conftest.c:3:0: note: this is the location of the previous definition
 #define PACKAGE_TARNAME "sumo"
 ^
In file included from /usr/include/gdal/cpl_port.h:80:0,
                 from /usr/include/gdal/cpl_progress.h:33,
                 from /usr/include/gdal/ogr_api.h:42,
                 from conftest.c:68:
/usr/include/gdal/cpl_config.h:213:0: warning: "PACKAGE_VERSION" redefined [enabled by default]
 #define PACKAGE_VERSION ""
 ^
conftest.c:4:0: note: this is the location of the previous definition
 #define PACKAGE_VERSION "0.19.0"
 ^
configure:16054: $? = 0
configure:16054: result: yes
configure:16054: checking ogr_api.h presence
configure:16054: gcc -E -I/usr/include/gdal conftest.c
In file included from /usr/include/gdal/cpl_port.h:80:0,
                 from /usr/include/gdal/cpl_progress.h:33,
                 from /usr/include/gdal/ogr_api.h:42,
                 from conftest.c:35:
/usr/include/gdal/cpl_config.h:201:0: warning: "PACKAGE_NAME" redefined [enabled by default]
 #define PACKAGE_NAME ""
 ^
conftest.c:2:0: note: this is the location of the previous definition
 #define PACKAGE_NAME "sumo"
 ^
In file included from /usr/include/gdal/cpl_port.h:80:0,
                 from /usr/include/gdal/cpl_progress.h:33,
                 from /usr/include/gdal/ogr_api.h:42,
                 from conftest.c:35:
/usr/include/gdal/cpl_config.h:204:0: warning: "PACKAGE_STRING" redefined [enabled by default]
 #define PACKAGE_STRING ""
 ^
conftest.c:5:0: note: this is the location of the previous definition
 #define PACKAGE_STRING "sumo 0.19.0"
 ^
In file included from /usr/include/gdal/cpl_port.h:80:0,
                 from /usr/include/gdal/cpl_progress.h:33,
                 from /usr/include/gdal/ogr_api.h:42,
                 from conftest.c:35:
/usr/include/gdal/cpl_config.h:207:0: warning: "PACKAGE_TARNAME" redefined [enabled by default]
 #define PACKAGE_TARNAME ""
 ^
conftest.c:3:0: note: this is the location of the previous definition
 #define PACKAGE_TARNAME "sumo"
 ^
In file included from /usr/include/gdal/cpl_port.h:80:0,
                 from /usr/include/gdal/cpl_progress.h:33,
                 from /usr/include/gdal/ogr_api.h:42,
                 from conftest.c:35:
/usr/include/gdal/cpl_config.h:213:0: warning: "PACKAGE_VERSION" redefined [enabled by default]
 #define PACKAGE_VERSION ""
 ^
conftest.c:4:0: note: this is the location of the previous definition
 #define PACKAGE_VERSION "0.19.0"
 ^
configure:16054: $? = 0
configure:16054: result: yes
configure:16054: checking for ogr_api.h
configure:16054: result: yes
configure:16085: checking for fox-config
configure:16103: found /usr/bin/fox-config
configure:16115: result: /usr/bin/fox-config
configure:16146: checking fxver.h usability
configure:16146: gcc -c -g -O2 -I/usr/include/fox-1.6 conftest.c >&5
configure:16146: $? = 0
configure:16146: result: yes
configure:16146: checking fxver.h presence
configure:16146: gcc -E -I/usr/include/fox-1.6 conftest.c
configure:16146: $? = 0
configure:16146: result: yes
configure:16146: checking for fxver.h
configure:16146: result: yes
configure:16262: checking for size_t
configure:16262: gcc -c -g -O2  conftest.c >&5
configure:16262: $? = 0
configure:16262: gcc -c -g -O2  conftest.c >&5
conftest.c: In function 'main':
conftest.c:72:21: error: expected expression before ')' token
 if (sizeof ((size_t)))
                     ^
configure:16262: $? = 1
configure: failed program was:
| /* confdefs.h */
| #define PACKAGE_NAME "sumo"
| #define PACKAGE_TARNAME "sumo"
| #define PACKAGE_VERSION "0.19.0"
| #define PACKAGE_STRING "sumo 0.19.0"
| #define PACKAGE_BUGREPORT ""
| #define PACKAGE_URL ""
| #define PACKAGE "sumo"
| #define VERSION "0.19.0"
| #define STDC_HEADERS 1
| #define HAVE_SYS_TYPES_H 1
| #define HAVE_SYS_STAT_H 1
| #define HAVE_STDLIB_H 1
| #define HAVE_STRING_H 1
| #define HAVE_MEMORY_H 1
| #define HAVE_STRINGS_H 1
| #define HAVE_INTTYPES_H 1
| #define HAVE_STDINT_H 1
| #define HAVE_UNISTD_H 1
| #define HAVE_DLFCN_H 1
| #define LT_OBJDIR ".libs/"
| #define HAVE_INTERNAL_LANES 1
| #define SUMOReal double
| #define SUMOLong long long int
| #define HAVE_SUBSECOND_TIMESTEPS 1
| #define POSITION_EPS 0.1
| #define NUMERICAL_EPS 0.001
| #define OUTPUT_ACCURACY 2
| #define GEO_OUTPUT_ACCURACY 6
| #define SUMOLong long long int
| #define XERCES3_SIZE_t XMLSize_t
| #define VERSION_STRING "0.19.0"
| #define HAVE_PROJ 1
| #define HAVE_GDAL 1
| /* end confdefs.h.  */
| #include <stdio.h>
| #ifdef HAVE_SYS_TYPES_H
| # include <sys/types.h>
| #endif
| #ifdef HAVE_SYS_STAT_H
| # include <sys/stat.h>
| #endif
| #ifdef STDC_HEADERS
| # include <stdlib.h>
| # include <stddef.h>
| #else
| # ifdef HAVE_STDLIB_H
| #  include <stdlib.h>
| # endif
| #endif
| #ifdef HAVE_STRING_H
| # if !defined STDC_HEADERS && defined HAVE_MEMORY_H
| #  include <memory.h>
| # endif
| # include <string.h>
| #endif
| #ifdef HAVE_STRINGS_H
| # include <strings.h>
| #endif
| #ifdef HAVE_INTTYPES_H
| # include <inttypes.h>
| #endif
| #ifdef HAVE_STDINT_H
| # include <stdint.h>
| #endif
| #ifdef HAVE_UNISTD_H
| # include <unistd.h>
| #endif
| int
| main ()
| {
| if (sizeof ((size_t)))
| 	    return 0;
|   ;
|   return 0;
| }
configure:16262: result: yes
configure:16275: checking for working alloca.h
configure:16292: gcc -o conftest -g -O2   conftest.c  >&5
configure:16292: $? = 0
configure:16300: result: yes
configure:16308: checking for alloca
configure:16345: gcc -o conftest -g -O2   conftest.c  >&5
configure:16345: $? = 0
configure:16353: result: yes
configure:16462: checking for ANSI C header files
configure:16566: result: yes
configure:16577: checking float.h usability
configure:16577: gcc -c -g -O2  conftest.c >&5
configure:16577: $? = 0
configure:16577: result: yes
configure:16577: checking float.h presence
configure:16577: gcc -E  conftest.c
configure:16577: $? = 0
configure:16577: result: yes
configure:16577: checking for float.h
configure:16577: result: yes
configure:16577: checking limits.h usability
configure:16577: gcc -c -g -O2  conftest.c >&5
configure:16577: $? = 0
configure:16577: result: yes
configure:16577: checking limits.h presence
configure:16577: gcc -E  conftest.c
configure:16577: $? = 0
configure:16577: result: yes
configure:16577: checking for limits.h
configure:16577: result: yes
configure:16577: checking malloc.h usability
configure:16577: gcc -c -g -O2  conftest.c >&5
configure:16577: $? = 0
configure:16577: result: yes
configure:16577: checking malloc.h presence
configure:16577: gcc -E  conftest.c
configure:16577: $? = 0
configure:16577: result: yes
configure:16577: checking for malloc.h
configure:16577: result: yes
configure:16577: checking math.h usability
configure:16577: gcc -c -g -O2  conftest.c >&5
configure:16577: $? = 0
configure:16577: result: yes
configure:16577: checking math.h presence
configure:16577: gcc -E  conftest.c
configure:16577: $? = 0
configure:16577: result: yes
configure:16577: checking for math.h
configure:16577: result: yes
configure:16577: checking stddef.h usability
configure:16577: gcc -c -g -O2  conftest.c >&5
configure:16577: $? = 0
configure:16577: result: yes
configure:16577: checking stddef.h presence
configure:16577: gcc -E  conftest.c
configure:16577: $? = 0
configure:16577: result: yes
configure:16577: checking for stddef.h
configure:16577: result: yes
configure:16577: checking for stdlib.h
configure:16577: result: yes
configure:16577: checking for string.h
configure:16577: result: yes
configure:16577: checking sys/time.h usability
configure:16577: gcc -c -g -O2  conftest.c >&5
configure:16577: $? = 0
configure:16577: result: yes
configure:16577: checking sys/time.h presence
configure:16577: gcc -E  conftest.c
configure:16577: $? = 0
configure:16577: result: yes
configure:16577: checking for sys/time.h
configure:16577: result: yes
configure:16577: checking for unistd.h
configure:16577: result: yes
configure:16577: checking wchar.h usability
configure:16577: gcc -c -g -O2  conftest.c >&5
configure:16577: $? = 0
configure:16577: result: yes
configure:16577: checking wchar.h presence
configure:16577: gcc -E  conftest.c
configure:16577: $? = 0
configure:16577: result: yes
configure:16577: checking for wchar.h
configure:16577: result: yes
configure:16588: checking for stdbool.h that conforms to C99
configure:16655: gcc -c -g -O2  conftest.c >&5
configure:16655: $? = 0
configure:16662: result: yes
configure:16664: checking for _Bool
configure:16664: gcc -c -g -O2  conftest.c >&5
configure:16664: $? = 0
configure:16664: gcc -c -g -O2  conftest.c >&5
conftest.c: In function 'main':
conftest.c:85:20: error: expected expression before ')' token
 if (sizeof ((_Bool)))
                    ^
configure:16664: $? = 1
configure: failed program was:
| /* confdefs.h */
| #define PACKAGE_NAME "sumo"
| #define PACKAGE_TARNAME "sumo"
| #define PACKAGE_VERSION "0.19.0"
| #define PACKAGE_STRING "sumo 0.19.0"
| #define PACKAGE_BUGREPORT ""
| #define PACKAGE_URL ""
| #define PACKAGE "sumo"
| #define VERSION "0.19.0"
| #define STDC_HEADERS 1
| #define HAVE_SYS_TYPES_H 1
| #define HAVE_SYS_STAT_H 1
| #define HAVE_STDLIB_H 1
| #define HAVE_STRING_H 1
| #define HAVE_MEMORY_H 1
| #define HAVE_STRINGS_H 1
| #define HAVE_INTTYPES_H 1
| #define HAVE_STDINT_H 1
| #define HAVE_UNISTD_H 1
| #define HAVE_DLFCN_H 1
| #define LT_OBJDIR ".libs/"
| #define HAVE_INTERNAL_LANES 1
| #define SUMOReal double
| #define SUMOLong long long int
| #define HAVE_SUBSECOND_TIMESTEPS 1
| #define POSITION_EPS 0.1
| #define NUMERICAL_EPS 0.001
| #define OUTPUT_ACCURACY 2
| #define GEO_OUTPUT_ACCURACY 6
| #define SUMOLong long long int
| #define XERCES3_SIZE_t XMLSize_t
| #define VERSION_STRING "0.19.0"
| #define HAVE_PROJ 1
| #define HAVE_GDAL 1
| #define HAVE_ALLOCA_H 1
| #define HAVE_ALLOCA 1
| #define STDC_HEADERS 1
| #define HAVE_FLOAT_H 1
| #define HAVE_LIMITS_H 1
| #define HAVE_MALLOC_H 1
| #define HAVE_MATH_H 1
| #define HAVE_STDDEF_H 1
| #define HAVE_STDLIB_H 1
| #define HAVE_STRING_H 1
| #define HAVE_SYS_TIME_H 1
| #define HAVE_UNISTD_H 1
| #define HAVE_WCHAR_H 1
| /* end confdefs.h.  */
| #include <stdio.h>
| #ifdef HAVE_SYS_TYPES_H
| # include <sys/types.h>
| #endif
| #ifdef HAVE_SYS_STAT_H
| # include <sys/stat.h>
| #endif
| #ifdef STDC_HEADERS
| # include <stdlib.h>
| # include <stddef.h>
| #else
| # ifdef HAVE_STDLIB_H
| #  include <stdlib.h>
| # endif
| #endif
| #ifdef HAVE_STRING_H
| # if !defined STDC_HEADERS && defined HAVE_MEMORY_H
| #  include <memory.h>
| # endif
| # include <string.h>
| #endif
| #ifdef HAVE_STRINGS_H
| # include <strings.h>
| #endif
| #ifdef HAVE_INTTYPES_H
| # include <inttypes.h>
| #endif
| #ifdef HAVE_STDINT_H
| # include <stdint.h>
| #endif
| #ifdef HAVE_UNISTD_H
| # include <unistd.h>
| #endif
| int
| main ()
| {
| if (sizeof ((_Bool)))
| 	    return 0;
|   ;
|   return 0;
| }
configure:16664: result: yes
configure:16680: checking for an ANSI C-conforming const
configure:16745: gcc -c -g -O2  conftest.c >&5
configure:16745: $? = 0
configure:16752: result: yes
configure:16760: checking for inline
configure:16776: gcc -c -g -O2  conftest.c >&5
configure:16776: $? = 0
configure:16784: result: inline
configure:16802: checking for size_t
configure:16802: result: yes
configure:16813: checking whether time.h and sys/time.h may both be included
configure:16833: gcc -c -g -O2  conftest.c >&5
configure:16833: $? = 0
configure:16840: result: yes
configure:16848: checking whether struct tm is in sys/time.h or time.h
configure:16868: gcc -c -g -O2  conftest.c >&5
configure:16868: $? = 0
configure:16875: result: time.h
configure:16883: checking for working volatile
configure:16902: gcc -c -g -O2  conftest.c >&5
configure:16902: $? = 0
configure:16909: result: yes
configure:16918: checking for error_at_line
configure:16934: gcc -o conftest -g -O2   conftest.c  >&5
configure:16934: $? = 0
configure:16942: result: yes
configure:16955: checking for stdlib.h
configure:16955: result: yes
configure:16965: checking for GNU libc compatible malloc
configure:16989: gcc -o conftest -g -O2   conftest.c  >&5
configure:16989: $? = 0
configure:16989: ./conftest
configure:16989: $? = 0
configure:16999: result: yes
configure:17023: checking sys/select.h usability
configure:17023: gcc -c -g -O2  conftest.c >&5
configure:17023: $? = 0
configure:17023: result: yes
configure:17023: checking sys/select.h presence
configure:17023: gcc -E  conftest.c
configure:17023: $? = 0
configure:17023: result: yes
configure:17023: checking for sys/select.h
configure:17023: result: yes
configure:17023: checking sys/socket.h usability
configure:17023: gcc -c -g -O2  conftest.c >&5
configure:17023: $? = 0
configure:17023: result: yes
configure:17023: checking sys/socket.h presence
configure:17023: gcc -E  conftest.c
configure:17023: $? = 0
configure:17023: result: yes
configure:17023: checking for sys/socket.h
configure:17023: result: yes
configure:17033: checking types of arguments for select
configure:17061: gcc -c -g -O2  conftest.c >&5
configure:17061: $? = 0
configure:17072: result: int,fd_set *,struct timeval *
configure:17095: checking return type of signal handlers
configure:17113: gcc -c -g -O2  conftest.c >&5
conftest.c: In function 'main':
conftest.c:65:1: error: void value not ignored as it ought to be
 return *(signal (0, 0)) (0) == 1;
 ^
configure:17113: $? = 1
configure: failed program was:
| /* confdefs.h */
| #define PACKAGE_NAME "sumo"
| #define PACKAGE_TARNAME "sumo"
| #define PACKAGE_VERSION "0.19.0"
| #define PACKAGE_STRING "sumo 0.19.0"
| #define PACKAGE_BUGREPORT ""
| #define PACKAGE_URL ""
| #define PACKAGE "sumo"
| #define VERSION "0.19.0"
| #define STDC_HEADERS 1
| #define HAVE_SYS_TYPES_H 1
| #define HAVE_SYS_STAT_H 1
| #define HAVE_STDLIB_H 1
| #define HAVE_STRING_H 1
| #define HAVE_MEMORY_H 1
| #define HAVE_STRINGS_H 1
| #define HAVE_INTTYPES_H 1
| #define HAVE_STDINT_H 1
| #define HAVE_UNISTD_H 1
| #define HAVE_DLFCN_H 1
| #define LT_OBJDIR ".libs/"
| #define HAVE_INTERNAL_LANES 1
| #define SUMOReal double
| #define SUMOLong long long int
| #define HAVE_SUBSECOND_TIMESTEPS 1
| #define POSITION_EPS 0.1
| #define NUMERICAL_EPS 0.001
| #define OUTPUT_ACCURACY 2
| #define GEO_OUTPUT_ACCURACY 6
| #define SUMOLong long long int
| #define XERCES3_SIZE_t XMLSize_t
| #define VERSION_STRING "0.19.0"
| #define HAVE_PROJ 1
| #define HAVE_GDAL 1
| #define HAVE_ALLOCA_H 1
| #define HAVE_ALLOCA 1
| #define STDC_HEADERS 1
| #define HAVE_FLOAT_H 1
| #define HAVE_LIMITS_H 1
| #define HAVE_MALLOC_H 1
| #define HAVE_MATH_H 1
| #define HAVE_STDDEF_H 1
| #define HAVE_STDLIB_H 1
| #define HAVE_STRING_H 1
| #define HAVE_SYS_TIME_H 1
| #define HAVE_UNISTD_H 1
| #define HAVE_WCHAR_H 1
| #define HAVE__BOOL 1
| #define HAVE_STDBOOL_H 1
| #define TIME_WITH_SYS_TIME 1
| #define HAVE_STDLIB_H 1
| #define HAVE_MALLOC 1
| #define HAVE_SYS_SELECT_H 1
| #define HAVE_SYS_SOCKET_H 1
| #define SELECT_TYPE_ARG1 int
| #define SELECT_TYPE_ARG234 (fd_set *)
| #define SELECT_TYPE_ARG5 (struct timeval *)
| /* end confdefs.h.  */
| #include <sys/types.h>
| #include <signal.h>
| 
| int
| main ()
| {
| return *(signal (0, 0)) (0) == 1;
|   ;
|   return 0;
| }
configure:17120: result: void
configure:17128: checking whether lstat correctly handles trailing slash
configure:17154: gcc -o conftest -g -O2   conftest.c  >&5
configure:17154: $? = 0
configure:17154: ./conftest
configure:17154: $? = 0
configure:17171: result: yes
configure:17190: checking whether stat accepts an empty string
configure:17210: gcc -o conftest -g -O2   conftest.c  >&5
configure:17210: $? = 0
configure:17210: ./conftest
configure:17210: $? = 0
configure:17220: result: no
configure:17239: checking for floor
configure:17239: gcc -o conftest -g -O2   conftest.c  >&5
conftest.c:84:6: warning: conflicting types for built-in function 'floor' [enabled by default]
 char floor ();
      ^
/tmp/ccQ3eo7f.o: In function `main':
/home/administrator/ITS/sumo-0.19.0/conftest.c:95: undefined reference to `floor'
collect2: error: ld returned 1 exit status
configure:17239: $? = 1
configure: failed program was:
| /* confdefs.h */
| #define PACKAGE_NAME "sumo"
| #define PACKAGE_TARNAME "sumo"
| #define PACKAGE_VERSION "0.19.0"
| #define PACKAGE_STRING "sumo 0.19.0"
| #define PACKAGE_BUGREPORT ""
| #define PACKAGE_URL ""
| #define PACKAGE "sumo"
| #define VERSION "0.19.0"
| #define STDC_HEADERS 1
| #define HAVE_SYS_TYPES_H 1
| #define HAVE_SYS_STAT_H 1
| #define HAVE_STDLIB_H 1
| #define HAVE_STRING_H 1
| #define HAVE_MEMORY_H 1
| #define HAVE_STRINGS_H 1
| #define HAVE_INTTYPES_H 1
| #define HAVE_STDINT_H 1
| #define HAVE_UNISTD_H 1
| #define HAVE_DLFCN_H 1
| #define LT_OBJDIR ".libs/"
| #define HAVE_INTERNAL_LANES 1
| #define SUMOReal double
| #define SUMOLong long long int
| #define HAVE_SUBSECOND_TIMESTEPS 1
| #define POSITION_EPS 0.1
| #define NUMERICAL_EPS 0.001
| #define OUTPUT_ACCURACY 2
| #define GEO_OUTPUT_ACCURACY 6
| #define SUMOLong long long int
| #define XERCES3_SIZE_t XMLSize_t
| #define VERSION_STRING "0.19.0"
| #define HAVE_PROJ 1
| #define HAVE_GDAL 1
| #define HAVE_ALLOCA_H 1
| #define HAVE_ALLOCA 1
| #define STDC_HEADERS 1
| #define HAVE_FLOAT_H 1
| #define HAVE_LIMITS_H 1
| #define HAVE_MALLOC_H 1
| #define HAVE_MATH_H 1
| #define HAVE_STDDEF_H 1
| #define HAVE_STDLIB_H 1
| #define HAVE_STRING_H 1
| #define HAVE_SYS_TIME_H 1
| #define HAVE_UNISTD_H 1
| #define HAVE_WCHAR_H 1
| #define HAVE__BOOL 1
| #define HAVE_STDBOOL_H 1
| #define TIME_WITH_SYS_TIME 1
| #define HAVE_STDLIB_H 1
| #define HAVE_MALLOC 1
| #define HAVE_SYS_SELECT_H 1
| #define HAVE_SYS_SOCKET_H 1
| #define SELECT_TYPE_ARG1 int
| #define SELECT_TYPE_ARG234 (fd_set *)
| #define SELECT_TYPE_ARG5 (struct timeval *)
| #define RETSIGTYPE void
| #define LSTAT_FOLLOWS_SLASHED_SYMLINK 1
| /* end confdefs.h.  */
| /* Define floor to an innocuous variant, in case <limits.h> declares floor.
|    For example, HP-UX 11i <limits.h> declares gettimeofday.  */
| #define floor innocuous_floor
| 
| /* System header to define __stub macros and hopefully few prototypes,
|     which can conflict with char floor (); below.
|     Prefer <limits.h> to <assert.h> if __STDC__ is defined, since
|     <limits.h> exists even on freestanding compilers.  */
| 
| #ifdef __STDC__
| # include <limits.h>
| #else
| # include <assert.h>
| #endif
| 
| #undef floor
| 
| /* Override any GCC internal prototype to avoid an error.
|    Use char because int might match the return type of a GCC
|    builtin and then its argument prototype would still apply.  */
| #ifdef __cplusplus
| extern "C"
| #endif
| char floor ();
| /* The GNU C library defines this for functions which it implements
|     to always fail with ENOSYS.  Some functions are actually named
|     something starting with __ and the normal name is an alias.  */
| #if defined __stub_floor || defined __stub___floor
| choke me
| #endif
| 
| int
| main ()
| {
| return floor ();
|   ;
|   return 0;
| }
configure:17239: result: no
configure:17239: checking for getcwd
configure:17239: gcc -o conftest -g -O2   conftest.c  >&5
configure:17239: $? = 0
configure:17239: result: yes
configure:17239: checking for gettimeofday
configure:17239: gcc -o conftest -g -O2   conftest.c  >&5
configure:17239: $? = 0
configure:17239: result: yes
configure:17239: checking for memset
configure:17239: gcc -o conftest -g -O2   conftest.c  >&5
conftest.c:86:6: warning: conflicting types for built-in function 'memset' [enabled by default]
 char memset ();
      ^
configure:17239: $? = 0
configure:17239: result: yes
configure:17239: checking for pow
configure:17239: gcc -o conftest -g -O2   conftest.c  >&5
conftest.c:87:6: warning: conflicting types for built-in function 'pow' [enabled by default]
 char pow ();
      ^
/tmp/cchurGts.o: In function `main':
/home/administrator/ITS/sumo-0.19.0/conftest.c:98: undefined reference to `pow'
collect2: error: ld returned 1 exit status
configure:17239: $? = 1
configure: failed program was:
| /* confdefs.h */
| #define PACKAGE_NAME "sumo"
| #define PACKAGE_TARNAME "sumo"
| #define PACKAGE_VERSION "0.19.0"
| #define PACKAGE_STRING "sumo 0.19.0"
| #define PACKAGE_BUGREPORT ""
| #define PACKAGE_URL ""
| #define PACKAGE "sumo"
| #define VERSION "0.19.0"
| #define STDC_HEADERS 1
| #define HAVE_SYS_TYPES_H 1
| #define HAVE_SYS_STAT_H 1
| #define HAVE_STDLIB_H 1
| #define HAVE_STRING_H 1
| #define HAVE_MEMORY_H 1
| #define HAVE_STRINGS_H 1
| #define HAVE_INTTYPES_H 1
| #define HAVE_STDINT_H 1
| #define HAVE_UNISTD_H 1
| #define HAVE_DLFCN_H 1
| #define LT_OBJDIR ".libs/"
| #define HAVE_INTERNAL_LANES 1
| #define SUMOReal double
| #define SUMOLong long long int
| #define HAVE_SUBSECOND_TIMESTEPS 1
| #define POSITION_EPS 0.1
| #define NUMERICAL_EPS 0.001
| #define OUTPUT_ACCURACY 2
| #define GEO_OUTPUT_ACCURACY 6
| #define SUMOLong long long int
| #define XERCES3_SIZE_t XMLSize_t
| #define VERSION_STRING "0.19.0"
| #define HAVE_PROJ 1
| #define HAVE_GDAL 1
| #define HAVE_ALLOCA_H 1
| #define HAVE_ALLOCA 1
| #define STDC_HEADERS 1
| #define HAVE_FLOAT_H 1
| #define HAVE_LIMITS_H 1
| #define HAVE_MALLOC_H 1
| #define HAVE_MATH_H 1
| #define HAVE_STDDEF_H 1
| #define HAVE_STDLIB_H 1
| #define HAVE_STRING_H 1
| #define HAVE_SYS_TIME_H 1
| #define HAVE_UNISTD_H 1
| #define HAVE_WCHAR_H 1
| #define HAVE__BOOL 1
| #define HAVE_STDBOOL_H 1
| #define TIME_WITH_SYS_TIME 1
| #define HAVE_STDLIB_H 1
| #define HAVE_MALLOC 1
| #define HAVE_SYS_SELECT_H 1
| #define HAVE_SYS_SOCKET_H 1
| #define SELECT_TYPE_ARG1 int
| #define SELECT_TYPE_ARG234 (fd_set *)
| #define SELECT_TYPE_ARG5 (struct timeval *)
| #define RETSIGTYPE void
| #define LSTAT_FOLLOWS_SLASHED_SYMLINK 1
| #define HAVE_GETCWD 1
| #define HAVE_GETTIMEOFDAY 1
| #define HAVE_MEMSET 1
| /* end confdefs.h.  */
| /* Define pow to an innocuous variant, in case <limits.h> declares pow.
|    For example, HP-UX 11i <limits.h> declares gettimeofday.  */
| #define pow innocuous_pow
| 
| /* System header to define __stub macros and hopefully few prototypes,
|     which can conflict with char pow (); below.
|     Prefer <limits.h> to <assert.h> if __STDC__ is defined, since
|     <limits.h> exists even on freestanding compilers.  */
| 
| #ifdef __STDC__
| # include <limits.h>
| #else
| # include <assert.h>
| #endif
| 
| #undef pow
| 
| /* Override any GCC internal prototype to avoid an error.
|    Use char because int might match the return type of a GCC
|    builtin and then its argument prototype would still apply.  */
| #ifdef __cplusplus
| extern "C"
| #endif
| char pow ();
| /* The GNU C library defines this for functions which it implements
|     to always fail with ENOSYS.  Some functions are actually named
|     something starting with __ and the normal name is an alias.  */
| #if defined __stub_pow || defined __stub___pow
| choke me
| #endif
| 
| int
| main ()
| {
| return pow ();
|   ;
|   return 0;
| }
configure:17239: result: no
configure:17239: checking for select
configure:17239: gcc -o conftest -g -O2   conftest.c  >&5
configure:17239: $? = 0
configure:17239: result: yes
configure:17239: checking for socket
configure:17239: gcc -o conftest -g -O2   conftest.c  >&5
configure:17239: $? = 0
configure:17239: result: yes
configure:17239: checking for sqrt
configure:17239: gcc -o conftest -g -O2   conftest.c  >&5
conftest.c:89:6: warning: conflicting types for built-in function 'sqrt' [enabled by default]
 char sqrt ();
      ^
/tmp/ccrGUCEn.o: In function `main':
/home/administrator/ITS/sumo-0.19.0/conftest.c:100: undefined reference to `sqrt'
collect2: error: ld returned 1 exit status
configure:17239: $? = 1
configure: failed program was:
| /* confdefs.h */
| #define PACKAGE_NAME "sumo"
| #define PACKAGE_TARNAME "sumo"
| #define PACKAGE_VERSION "0.19.0"
| #define PACKAGE_STRING "sumo 0.19.0"
| #define PACKAGE_BUGREPORT ""
| #define PACKAGE_URL ""
| #define PACKAGE "sumo"
| #define VERSION "0.19.0"
| #define STDC_HEADERS 1
| #define HAVE_SYS_TYPES_H 1
| #define HAVE_SYS_STAT_H 1
| #define HAVE_STDLIB_H 1
| #define HAVE_STRING_H 1
| #define HAVE_MEMORY_H 1
| #define HAVE_STRINGS_H 1
| #define HAVE_INTTYPES_H 1
| #define HAVE_STDINT_H 1
| #define HAVE_UNISTD_H 1
| #define HAVE_DLFCN_H 1
| #define LT_OBJDIR ".libs/"
| #define HAVE_INTERNAL_LANES 1
| #define SUMOReal double
| #define SUMOLong long long int
| #define HAVE_SUBSECOND_TIMESTEPS 1
| #define POSITION_EPS 0.1
| #define NUMERICAL_EPS 0.001
| #define OUTPUT_ACCURACY 2
| #define GEO_OUTPUT_ACCURACY 6
| #define SUMOLong long long int
| #define XERCES3_SIZE_t XMLSize_t
| #define VERSION_STRING "0.19.0"
| #define HAVE_PROJ 1
| #define HAVE_GDAL 1
| #define HAVE_ALLOCA_H 1
| #define HAVE_ALLOCA 1
| #define STDC_HEADERS 1
| #define HAVE_FLOAT_H 1
| #define HAVE_LIMITS_H 1
| #define HAVE_MALLOC_H 1
| #define HAVE_MATH_H 1
| #define HAVE_STDDEF_H 1
| #define HAVE_STDLIB_H 1
| #define HAVE_STRING_H 1
| #define HAVE_SYS_TIME_H 1
| #define HAVE_UNISTD_H 1
| #define HAVE_WCHAR_H 1
| #define HAVE__BOOL 1
| #define HAVE_STDBOOL_H 1
| #define TIME_WITH_SYS_TIME 1
| #define HAVE_STDLIB_H 1
| #define HAVE_MALLOC 1
| #define HAVE_SYS_SELECT_H 1
| #define HAVE_SYS_SOCKET_H 1
| #define SELECT_TYPE_ARG1 int
| #define SELECT_TYPE_ARG234 (fd_set *)
| #define SELECT_TYPE_ARG5 (struct timeval *)
| #define RETSIGTYPE void
| #define LSTAT_FOLLOWS_SLASHED_SYMLINK 1
| #define HAVE_GETCWD 1
| #define HAVE_GETTIMEOFDAY 1
| #define HAVE_MEMSET 1
| #define HAVE_SELECT 1
| #define HAVE_SOCKET 1
| /* end confdefs.h.  */
| /* Define sqrt to an innocuous variant, in case <limits.h> declares sqrt.
|    For example, HP-UX 11i <limits.h> declares gettimeofday.  */
| #define sqrt innocuous_sqrt
| 
| /* System header to define __stub macros and hopefully few prototypes,
|     which can conflict with char sqrt (); below.
|     Prefer <limits.h> to <assert.h> if __STDC__ is defined, since
|     <limits.h> exists even on freestanding compilers.  */
| 
| #ifdef __STDC__
| # include <limits.h>
| #else
| # include <assert.h>
| #endif
| 
| #undef sqrt
| 
| /* Override any GCC internal prototype to avoid an error.
|    Use char because int might match the return type of a GCC
|    builtin and then its argument prototype would still apply.  */
| #ifdef __cplusplus
| extern "C"
| #endif
| char sqrt ();
| /* The GNU C library defines this for functions which it implements
|     to always fail with ENOSYS.  Some functions are actually named
|     something starting with __ and the normal name is an alias.  */
| #if defined __stub_sqrt || defined __stub___sqrt
| choke me
| #endif
| 
| int
| main ()
| {
| return sqrt ();
|   ;
|   return 0;
| }
configure:17239: result: no
configure:17414: creating ./config.status

## ---------------------- ##
## Running config.status. ##
## ---------------------- ##

This file was extended by sumo config.status 0.19.0, which was
generated by GNU Autoconf 2.68.  Invocation command line was

  CONFIG_FILES    = 
  CONFIG_HEADERS  = 
  CONFIG_LINKS    = 
  CONFIG_COMMANDS = 
  $ ./config.status 

on WILM-1

config.status:1299: creating src/Makefile
config.status:1299: creating src/activitygen/Makefile
config.status:1299: creating src/activitygen/activities/Makefile
config.status:1299: creating src/activitygen/city/Makefile
config.status:1299: creating src/foreign/Makefile
config.status:1299: creating src/foreign/eulerspiral/Makefile
config.status:1299: creating src/foreign/gl2ps/Makefile
config.status:1299: creating src/foreign/mersenne/Makefile
config.status:1299: creating src/foreign/nvwa/Makefile
config.status:1299: creating src/foreign/polyfonts/Makefile
config.status:1299: creating src/foreign/rtree/Makefile
config.status:1299: creating src/foreign/tcpip/Makefile
config.status:1299: creating src/gui/Makefile
config.status:1299: creating src/gui/dialogs/Makefile
config.status:1299: creating src/guinetload/Makefile
config.status:1299: creating src/guisim/Makefile
config.status:1299: creating src/microsim/Makefile
config.status:1299: creating src/microsim/actions/Makefile
config.status:1299: creating src/microsim/cfmodels/Makefile
config.status:1299: creating src/microsim/devices/Makefile
config.status:1299: creating src/microsim/logging/Makefile
config.status:1299: creating src/microsim/output/Makefile
config.status:1299: creating src/microsim/traffic_lights/Makefile
config.status:1299: creating src/microsim/trigger/Makefile
config.status:1299: creating src/netbuild/Makefile
config.status:1299: creating src/netgen/Makefile
config.status:1299: creating src/netimport/Makefile
config.status:1299: creating src/netimport/vissim/Makefile
config.status:1299: creating src/netimport/vissim/tempstructs/Makefile
config.status:1299: creating src/netimport/vissim/typeloader/Makefile
config.status:1299: creating src/netload/Makefile
config.status:1299: creating src/netwrite/Makefile
config.status:1299: creating src/od2trips/Makefile
config.status:1299: creating src/polyconvert/Makefile
config.status:1299: creating src/router/Makefile
config.status:1299: creating src/dfrouter/Makefile
config.status:1299: creating src/duarouter/Makefile
config.status:1299: creating src/jtrrouter/Makefile
config.status:1299: creating src/traci_testclient/Makefile
config.status:1299: creating src/traci-server/Makefile
config.status:1299: creating src/utils/Makefile
config.status:1299: creating src/utils/common/Makefile
config.status:1299: creating src/utils/distribution/Makefile
config.status:1299: creating src/utils/foxtools/Makefile
config.status:1299: creating src/utils/geom/Makefile
config.status:1299: creating src/utils/gui/Makefile
config.status:1299: creating src/utils/gui/div/Makefile
config.status:1299: creating src/utils/gui/events/Makefile
config.status:1299: creating src/utils/gui/globjects/Makefile
config.status:1299: creating src/utils/gui/images/Makefile
config.status:1299: creating src/utils/gui/settings/Makefile
config.status:1299: creating src/utils/gui/tracker/Makefile
config.status:1299: creating src/utils/gui/windows/Makefile
config.status:1299: creating src/utils/importio/Makefile
config.status:1299: creating src/utils/iodevices/Makefile
config.status:1299: creating src/utils/options/Makefile
config.status:1299: creating src/utils/shapes/Makefile
config.status:1299: creating src/utils/traci/Makefile
config.status:1299: creating src/utils/xml/Makefile
config.status:1299: creating unittest/Makefile
config.status:1299: creating unittest/src/Makefile
config.status:1299: creating unittest/src/microsim/Makefile
config.status:1299: creating unittest/src/netbuild/Makefile
config.status:1299: creating unittest/src/utils/Makefile
config.status:1299: creating unittest/src/utils/common/Makefile
config.status:1299: creating unittest/src/utils/geom/Makefile
config.status:1299: creating unittest/src/utils/iodevices/Makefile
config.status:1299: creating bin/Makefile
config.status:1299: creating Makefile
config.status:1299: creating src/config.h
config.status:1528: executing depfiles commands
config.status:1528: executing libtool commands
configure:19994: result: 
configure:19996: result: Optional features summary
configure:19998: result: -------------------------
configure:20000: result: Enabled: InternalLanes DoublePrecision Subsecond TRACI PROJ GDAL GUI
configure:20002: result: Disabled: Debug Profiling MemoryChecks UnitTests Python

## ---------------- ##
## Cache variables. ##
## ---------------- ##

ac_cv_build=x86_64-unknown-linux-gnu
ac_cv_c_compiler_gnu=yes
ac_cv_c_const=yes
ac_cv_c_inline=inline
ac_cv_c_volatile=yes
ac_cv_cxx_compiler_gnu=yes
ac_cv_env_CCC_set=
ac_cv_env_CCC_value=
ac_cv_env_CC_set=
ac_cv_env_CC_value=
ac_cv_env_CFLAGS_set=
ac_cv_env_CFLAGS_value=
ac_cv_env_CPPFLAGS_set=
ac_cv_env_CPPFLAGS_value=
ac_cv_env_CPP_set=
ac_cv_env_CPP_value=
ac_cv_env_CXXCPP_set=
ac_cv_env_CXXCPP_value=
ac_cv_env_CXXFLAGS_set=
ac_cv_env_CXXFLAGS_value=
ac_cv_env_CXX_set=
ac_cv_env_CXX_value=
ac_cv_env_LDFLAGS_set=
ac_cv_env_LDFLAGS_value=
ac_cv_env_LIBS_set=
ac_cv_env_LIBS_value=
ac_cv_env_PKG_CONFIG_LIBDIR_set=
ac_cv_env_PKG_CONFIG_LIBDIR_value=
ac_cv_env_PKG_CONFIG_PATH_set=
ac_cv_env_PKG_CONFIG_PATH_value=
ac_cv_env_PKG_CONFIG_set=
ac_cv_env_PKG_CONFIG_value=
ac_cv_env_XERCES_CFLAGS_set=
ac_cv_env_XERCES_CFLAGS_value=
ac_cv_env_XERCES_LIBS_set=
ac_cv_env_XERCES_LIBS_value=
ac_cv_env_build_alias_set=
ac_cv_env_build_alias_value=
ac_cv_env_host_alias_set=
ac_cv_env_host_alias_value=
ac_cv_env_target_alias_set=
ac_cv_env_target_alias_value=
ac_cv_func_alloca_works=yes
ac_cv_func_floor=no
ac_cv_func_getcwd=yes
ac_cv_func_gettimeofday=yes
ac_cv_func_lstat_dereferences_slashed_symlink=yes
ac_cv_func_malloc_0_nonnull=yes
ac_cv_func_memset=yes
ac_cv_func_pow=no
ac_cv_func_select=yes
ac_cv_func_select_args='int,fd_set *,struct timeval *'
ac_cv_func_socket=yes
ac_cv_func_sqrt=no
ac_cv_func_stat_empty_string_bug=no
ac_cv_header_dlfcn_h=yes
ac_cv_header_float_h=yes
ac_cv_header_fxver_h=yes
ac_cv_header_inttypes_h=yes
ac_cv_header_limits_h=yes
ac_cv_header_malloc_h=yes
ac_cv_header_math_h=yes
ac_cv_header_memory_h=yes
ac_cv_header_ogr_api_h=yes
ac_cv_header_proj_api_h=yes
ac_cv_header_stdbool_h=yes
ac_cv_header_stdc=yes
ac_cv_header_stddef_h=yes
ac_cv_header_stdint_h=yes
ac_cv_header_stdlib_h=yes
ac_cv_header_string_h=yes
ac_cv_header_strings_h=yes
ac_cv_header_sys_select_h=yes
ac_cv_header_sys_socket_h=yes
ac_cv_header_sys_stat_h=yes
ac_cv_header_sys_time_h=yes
ac_cv_header_sys_types_h=yes
ac_cv_header_time=yes
ac_cv_header_unistd_h=yes
ac_cv_header_wchar_h=yes
ac_cv_header_xercesc_util_XercesVersion_hpp=yes
ac_cv_host=x86_64-unknown-linux-gnu
ac_cv_lib_error_at_line=yes
ac_cv_lib_proj_main=yes
ac_cv_lib_xerces_c___main=yes
ac_cv_objext=o
ac_cv_path_EGREP='/bin/grep -E'
ac_cv_path_FGREP='/bin/grep -F'
ac_cv_path_FOX_CONFIG=/usr/bin/fox-config
ac_cv_path_GDAL_CONFIG=/usr/bin/gdal-config
ac_cv_path_GREP=/bin/grep
ac_cv_path_SED=/bin/sed
ac_cv_path_ac_pt_PKG_CONFIG=/usr/bin/pkg-config
ac_cv_path_install='/usr/bin/install -c'
ac_cv_path_mkdir=/bin/mkdir
ac_cv_prog_AWK=mawk
ac_cv_prog_CPP='gcc -E'
ac_cv_prog_CXXCPP='g++ -E'
ac_cv_prog_ac_ct_AR=ar
ac_cv_prog_ac_ct_CC=gcc
ac_cv_prog_ac_ct_CXX=g++
ac_cv_prog_ac_ct_MANIFEST_TOOL=mt
ac_cv_prog_ac_ct_OBJDUMP=objdump
ac_cv_prog_ac_ct_RANLIB=ranlib
ac_cv_prog_ac_ct_STRIP=strip
ac_cv_prog_cc_c89=
ac_cv_prog_cc_g=yes
ac_cv_prog_cxx_g=yes
ac_cv_prog_make_make_set=yes
ac_cv_struct_tm=time.h
ac_cv_target=x86_64-unknown-linux-gnu
ac_cv_type__Bool=yes
ac_cv_type_signal=void
ac_cv_type_size_t=yes
ac_cv_working_alloca_h=yes
am_cv_CC_dependencies_compiler_type=gcc3
am_cv_CXX_dependencies_compiler_type=gcc3
am_cv_prog_tar_ustar=gnutar
lt_cv_ar_at_file=@
lt_cv_archive_cmds_need_lc=no
lt_cv_deplibs_check_method=pass_all
lt_cv_file_magic_cmd='$MAGIC_CMD'
lt_cv_file_magic_test_file=
lt_cv_ld_reload_flag=-r
lt_cv_nm_interface='BSD nm'
lt_cv_objdir=.libs
lt_cv_path_LD=/usr/bin/ld
lt_cv_path_LDCXX='/usr/bin/ld -m elf_x86_64'
lt_cv_path_NM='/usr/bin/nm -B'
lt_cv_path_mainfest_tool=no
lt_cv_prog_compiler_c_o=yes
lt_cv_prog_compiler_c_o_CXX=yes
lt_cv_prog_compiler_pic='-fPIC -DPIC'
lt_cv_prog_compiler_pic_CXX='-fPIC -DPIC'
lt_cv_prog_compiler_pic_works=yes
lt_cv_prog_compiler_pic_works_CXX=yes
lt_cv_prog_compiler_rtti_exceptions=no
lt_cv_prog_compiler_static_works=yes
lt_cv_prog_compiler_static_works_CXX=yes
lt_cv_prog_gnu_ld=yes
lt_cv_prog_gnu_ldcxx=yes
lt_cv_sharedlib_from_linklib_cmd='printf %s\n'
lt_cv_shlibpath_overrides_runpath=no
lt_cv_sys_global_symbol_pipe='sed -n -e '\''s/^.*[	 ]\([ABCDGIRSTW][ABCDGIRSTW]*\)[	 ][	 ]*\([_A-Za-z][_A-Za-z0-9]*\)$/\1 \2 \2/p'\'' | sed '\''/ __gnu_lto/d'\'''
lt_cv_sys_global_symbol_to_c_name_address='sed -n -e '\''s/^: \([^ ]*\)[ ]*$/  {\"\1\", (void *) 0},/p'\'' -e '\''s/^[ABCDGIRSTW]* \([^ ]*\) \([^ ]*\)$/  {"\2", (void *) \&\2},/p'\'''
lt_cv_sys_global_symbol_to_c_name_address_lib_prefix='sed -n -e '\''s/^: \([^ ]*\)[ ]*$/  {\"\1\", (void *) 0},/p'\'' -e '\''s/^[ABCDGIRSTW]* \([^ ]*\) \(lib[^ ]*\)$/  {"\2", (void *) \&\2},/p'\'' -e '\''s/^[ABCDGIRSTW]* \([^ ]*\) \([^ ]*\)$/  {"lib\2", (void *) \&\2},/p'\'''
lt_cv_sys_global_symbol_to_cdecl='sed -n -e '\''s/^T .* \(.*\)$/extern int \1();/p'\'' -e '\''s/^[ABCDGIRSTW]* .* \(.*\)$/extern char \1;/p'\'''
lt_cv_sys_max_cmd_len=1572864
lt_cv_to_host_file_cmd=func_convert_file_noop
lt_cv_to_tool_file_cmd=func_convert_file_noop
pkg_cv_XERCES_CFLAGS=' '
pkg_cv_XERCES_LIBS='-lxerces-c  '

## ----------------- ##
## Output variables. ##
## ----------------- ##

ACLOCAL='${SHELL} /home/administrator/ITS/sumo-0.19.0/missing --run aclocal-1.11'
ALLOCA=''
AMDEPBACKSLASH='\'
AMDEP_FALSE='#'
AMDEP_TRUE=''
AMTAR='${SHELL} /home/administrator/ITS/sumo-0.19.0/missing --run tar'
AM_CPPFLAGS='-I/home/administrator/ITS/sumo-0.19.0/./src -I/usr/include/fox-1.6 -I/usr/include/gdal  -I/usr/local/include -I/usr/include '
AM_CXXFLAGS=''
AR='ar'
AUTOCONF='${SHELL} /home/administrator/ITS/sumo-0.19.0/missing --run autoconf'
AUTOHEADER='${SHELL} /home/administrator/ITS/sumo-0.19.0/missing --run autoheader'
AUTOMAKE='${SHELL} /home/administrator/ITS/sumo-0.19.0/missing --run automake-1.11'
AWK='mawk'
CC='gcc'
CCDEPMODE='depmode=gcc3'
CFLAGS='-g -O2'
CHECK_MEMORY_LEAKS_FALSE=''
CHECK_MEMORY_LEAKS_TRUE='#'
CPP='gcc -E'
CPPFLAGS=''
CXX='g++'
CXXCPP='g++ -E'
CXXDEPMODE='depmode=gcc3'
CXXFLAGS='-O2 -DNDEBUG '
CYGPATH_W='echo'
DEFS='-DHAVE_CONFIG_H'
DEPDIR='.deps'
DLLTOOL='false'
DSYMUTIL=''
DUMPBIN=''
ECHO_C=''
ECHO_N='-n'
ECHO_T=''
EGREP='/bin/grep -E'
EXEEXT=''
FGREP='/bin/grep -F'
FOX_CONFIG='/usr/bin/fox-config'
FOX_LDFLAGS='-L/usr/lib/x86_64-linux-gnu -lFOX-1.6 -lX11 -lXext -lfreetype -lXft -lXcursor -lXrender -lXfixes -lfreetype -lfontconfig -lfreetype -lGL -lGLU -ldl -lpthread -lrt -ljpeg -lpng -ltiff -lz -lGLU -lGL'
GDAL_CONFIG='/usr/bin/gdal-config'
GDAL_LDFLAGS='-L/usr/lib -lgdal'
GREP='/bin/grep'
INSTALL_DATA='${INSTALL} -m 644'
INSTALL_PROGRAM='${INSTALL}'
INSTALL_SCRIPT='${INSTALL}'
INSTALL_STRIP_PROGRAM='$(install_sh) -c -s'
INTERNAL_FALSE=''
INTERNAL_TRUE='#'
LD='/usr/bin/ld -m elf_x86_64'
LDFLAGS=''
LIBOBJS=''
LIBS=''
LIBTOOL='$(SHELL) $(top_builddir)/libtool'
LIB_GTEST=''
LIB_XERCES='xerces-c'
LIPO=''
LN_S='ln -s'
LTLIBOBJS=''
MAKEINFO='${SHELL} /home/administrator/ITS/sumo-0.19.0/missing --run makeinfo'
MANIFEST_TOOL=':'
MKDIR_P='/bin/mkdir -p'
NM='/usr/bin/nm -B'
NMEDIT=''
OBJDUMP='objdump'
OBJEXT='o'
OSG_LIBS=''
OTOOL64=''
OTOOL=''
PACKAGE='sumo'
PACKAGE_BUGREPORT=''
PACKAGE_NAME='sumo'
PACKAGE_STRING='sumo 0.19.0'
PACKAGE_TARNAME='sumo'
PACKAGE_URL=''
PACKAGE_VERSION='0.19.0'
PATH_SEPARATOR=':'
PKG_CONFIG='/usr/bin/pkg-config'
PKG_CONFIG_LIBDIR=''
PKG_CONFIG_PATH=''
PROJ_LDFLAGS='-lproj'
PYTHON_LIBS=''
RANLIB='ranlib'
SED='/bin/sed'
SET_MAKE=''
SHELL='/bin/bash'
STRIP='strip'
TRACI_FALSE='#'
TRACI_TRUE=''
VERSION='0.19.0'
WITH_GTEST_FALSE=''
WITH_GTEST_TRUE='#'
WITH_GUI_FALSE='#'
WITH_GUI_TRUE=''
WITH_PYTHON_FALSE=''
WITH_PYTHON_TRUE='#'
WITH_VERSION_H_FALSE=''
WITH_VERSION_H_TRUE='#'
XERCES_CFLAGS=' '
XERCES_LDFLAGS=''
XERCES_LIBS='-lxerces-c  '
ac_ct_AR='ar'
ac_ct_CC='gcc'
ac_ct_CXX='g++'
ac_ct_DUMPBIN=''
am__EXEEXT_FALSE=''
am__EXEEXT_TRUE='#'
am__fastdepCC_FALSE='#'
am__fastdepCC_TRUE=''
am__fastdepCXX_FALSE='#'
am__fastdepCXX_TRUE=''
am__include='include'
am__isrc=''
am__leading_dot='.'
am__quote=''
am__tar='tar --format=ustar -chf - "$$tardir"'
am__untar='tar -xf -'
bindir='${exec_prefix}/bin'
build='x86_64-unknown-linux-gnu'
build_alias=''
build_cpu='x86_64'
build_os='linux-gnu'
build_vendor='unknown'
datadir='${datarootdir}'
datarootdir='${prefix}/share'
docdir='${datarootdir}/doc/${PACKAGE_TARNAME}'
dvidir='${docdir}'
exec_prefix='${prefix}'
host='x86_64-unknown-linux-gnu'
host_alias=''
host_cpu='x86_64'
host_os='linux-gnu'
host_vendor='unknown'
htmldir='${docdir}'
includedir='${prefix}/include'
infodir='${datarootdir}/info'
install_sh='${SHELL} /home/administrator/ITS/sumo-0.19.0/install-sh'
libdir='${exec_prefix}/lib'
libexecdir='${exec_prefix}/libexec'
localedir='${datarootdir}/locale'
localstatedir='${prefix}/var'
mandir='${datarootdir}/man'
mkdir_p='/bin/mkdir -p'
oldincludedir='/usr/include'
pdfdir='${docdir}'
prefix='/usr/local'
program_transform_name='s,x,x,'
psdir='${docdir}'
sbindir='${exec_prefix}/sbin'
sharedstatedir='${prefix}/com'
sysconfdir='${prefix}/etc'
target='x86_64-unknown-linux-gnu'
target_alias=''
target_cpu='x86_64'
target_os='linux-gnu'
target_vendor='unknown'

## ----------- ##
## confdefs.h. ##
## ----------- ##

/* confdefs.h */
#define PACKAGE_NAME "sumo"
#define PACKAGE_TARNAME "sumo"
#define PACKAGE_VERSION "0.19.0"
#define PACKAGE_STRING "sumo 0.19.0"
#define PACKAGE_BUGREPORT ""
#define PACKAGE_URL ""
#define PACKAGE "sumo"
#define VERSION "0.19.0"
#define STDC_HEADERS 1
#define HAVE_SYS_TYPES_H 1
#define HAVE_SYS_STAT_H 1
#define HAVE_STDLIB_H 1
#define HAVE_STRING_H 1
#define HAVE_MEMORY_H 1
#define HAVE_STRINGS_H 1
#define HAVE_INTTYPES_H 1
#define HAVE_STDINT_H 1
#define HAVE_UNISTD_H 1
#define HAVE_DLFCN_H 1
#define LT_OBJDIR ".libs/"
#define HAVE_INTERNAL_LANES 1
#define SUMOReal double
#define SUMOLong long long int
#define HAVE_SUBSECOND_TIMESTEPS 1
#define POSITION_EPS 0.1
#define NUMERICAL_EPS 0.001
#define OUTPUT_ACCURACY 2
#define GEO_OUTPUT_ACCURACY 6
#define SUMOLong long long int
#define XERCES3_SIZE_t XMLSize_t
#define VERSION_STRING "0.19.0"
#define HAVE_PROJ 1
#define HAVE_GDAL 1
#define HAVE_ALLOCA_H 1
#define HAVE_ALLOCA 1
#define STDC_HEADERS 1
#define HAVE_FLOAT_H 1
#define HAVE_LIMITS_H 1
#define HAVE_MALLOC_H 1
#define HAVE_MATH_H 1
#define HAVE_STDDEF_H 1
#define HAVE_STDLIB_H 1
#define HAVE_STRING_H 1
#define HAVE_SYS_TIME_H 1
#define HAVE_UNISTD_H 1
#define HAVE_WCHAR_H 1
#define HAVE__BOOL 1
#define HAVE_STDBOOL_H 1
#define TIME_WITH_SYS_TIME 1
#define HAVE_STDLIB_H 1
#define HAVE_MALLOC 1
#define HAVE_SYS_SELECT_H 1
#define HAVE_SYS_SOCKET_H 1
#define SELECT_TYPE_ARG1 int
#define SELECT_TYPE_ARG234 (fd_set *)
#define SELECT_TYPE_ARG5 (struct timeval *)
#define RETSIGTYPE void
#define LSTAT_FOLLOWS_SLASHED_SYMLINK 1
#define HAVE_GETCWD 1
#define HAVE_GETTIMEOFDAY 1
#define HAVE_MEMSET 1
#define HAVE_SELECT 1
#define HAVE_SOCKET 1

configure: exit 0
